<?xml version="1.0" encoding="UTF-8"?>
<testsuite name="com.saedodev.runner.WebTestRunner" tests="14" skipped="0" failures="14" errors="0" timestamp="2026-07-23T13:11:21" hostname="KUDANIL" time="0.088">
  <properties/>
  <testcase name="Melihat produk pada cart" classname="com.saedodev.runner.WebTestRunner" time="0.007">
    <failure message="io.cucumber.junit.platform.engine.UndefinedStepException: The step 'User login sebagai &quot;testuser&quot;' and 3 other step(s) are undefined.&#10;You can implement these steps using the snippet(s) below:&#10;&#10;@Given(&quot;User login sebagai {string}&quot;)&#10;public void user_login_sebagai(String string) {&#10;    // Write code here that turns the phrase above into concrete actions&#10;    throw new io.cucumber.java.PendingException();&#10;}&#10;@Given(&quot;User telah menambahkan produk ke cart&quot;)&#10;public void user_telah_menambahkan_produk_ke_cart() {&#10;    // Write code here that turns the phrase above into concrete actions&#10;    throw new io.cucumber.java.PendingException();&#10;}&#10;@When(&quot;User membuka halaman Cart&quot;)&#10;public void user_membuka_halaman_cart() {&#10;    // Write code here that turns the phrase above into concrete actions&#10;    throw new io.cucumber.java.PendingException();&#10;}&#10;@Then(&quot;Produk tampil pada Cart&quot;)&#10;public void produk_tampil_pada_cart() {&#10;    // Write code here that turns the phrase above into concrete actions&#10;    throw new io.cucumber.java.PendingException();&#10;}&#10;" type="io.cucumber.junit.platform.engine.UndefinedStepException">io.cucumber.junit.platform.engine.UndefinedStepException: The step 'User login sebagai &quot;testuser&quot;' and 3 other step(s) are undefined.
You can implement these steps using the snippet(s) below:

@Given(&quot;User login sebagai {string}&quot;)
public void user_login_sebagai(String string) {
    // Write code here that turns the phrase above into concrete actions
    throw new io.cucumber.java.PendingException();
}
@Given(&quot;User telah menambahkan produk ke cart&quot;)
public void user_telah_menambahkan_produk_ke_cart() {
    // Write code here that turns the phrase above into concrete actions
    throw new io.cucumber.java.PendingException();
}
@When(&quot;User membuka halaman Cart&quot;)
public void user_membuka_halaman_cart() {
    // Write code here that turns the phrase above into concrete actions
    throw new io.cucumber.java.PendingException();
}
@Then(&quot;Produk tampil pada Cart&quot;)
public void produk_tampil_pada_cart() {
    // Write code here that turns the phrase above into concrete actions
    throw new io.cucumber.java.PendingException();
}

	at ✽.User login sebagai &quot;testuser&quot;(classpath:features/web/cart.feature:5)
</failure>
  </testcase>
  <testcase name="Menghapus produk dari cart" classname="com.saedodev.runner.WebTestRunner" time="0.006">
    <failure message="io.cucumber.junit.platform.engine.UndefinedStepException: The step 'User login sebagai &quot;testuser&quot;' and 4 other step(s) are undefined.&#10;You can implement these steps using the snippet(s) below:&#10;&#10;@Given(&quot;User login sebagai {string}&quot;)&#10;public void user_login_sebagai(String string) {&#10;    // Write code here that turns the phrase above into concrete actions&#10;    throw new io.cucumber.java.PendingException();&#10;}&#10;@Given(&quot;User telah menambahkan produk ke cart&quot;)&#10;public void user_telah_menambahkan_produk_ke_cart() {&#10;    // Write code here that turns the phrase above into concrete actions&#10;    throw new io.cucumber.java.PendingException();&#10;}&#10;@When(&quot;User membuka halaman Cart&quot;)&#10;public void user_membuka_halaman_cart() {&#10;    // Write code here that turns the phrase above into concrete actions&#10;    throw new io.cucumber.java.PendingException();&#10;}&#10;@When(&quot;User menghapus produk&quot;)&#10;public void user_menghapus_produk() {&#10;    // Write code here that turns the phrase above into concrete actions&#10;    throw new io.cucumber.java.PendingException();&#10;}&#10;@Then(&quot;Produk berhasil dihapus&quot;)&#10;public void produk_berhasil_dihapus() {&#10;    // Write code here that turns the phrase above into concrete actions&#10;    throw new io.cucumber.java.PendingException();&#10;}&#10;" type="io.cucumber.junit.platform.engine.UndefinedStepException">io.cucumber.junit.platform.engine.UndefinedStepException: The step 'User login sebagai &quot;testuser&quot;' and 4 other step(s) are undefined.
You can implement these steps using the snippet(s) below:

@Given(&quot;User login sebagai {string}&quot;)
public void user_login_sebagai(String string) {
    // Write code here that turns the phrase above into concrete actions
    throw new io.cucumber.java.PendingException();
}
@Given(&quot;User telah menambahkan produk ke cart&quot;)
public void user_telah_menambahkan_produk_ke_cart() {
    // Write code here that turns the phrase above into concrete actions
    throw new io.cucumber.java.PendingException();
}
@When(&quot;User membuka halaman Cart&quot;)
public void user_membuka_halaman_cart() {
    // Write code here that turns the phrase above into concrete actions
    throw new io.cucumber.java.PendingException();
}
@When(&quot;User menghapus produk&quot;)
public void user_menghapus_produk() {
    // Write code here that turns the phrase above into concrete actions
    throw new io.cucumber.java.PendingException();
}
@Then(&quot;Produk berhasil dihapus&quot;)
public void produk_berhasil_dihapus() {
    // Write code here that turns the phrase above into concrete actions
    throw new io.cucumber.java.PendingException();
}

	at ✽.User login sebagai &quot;testuser&quot;(classpath:features/web/cart.feature:5)
</failure>
  </testcase>
  <testcase name="Menghapus seluruh produk" classname="com.saedodev.runner.WebTestRunner" time="0.006">
    <failure message="io.cucumber.junit.platform.engine.UndefinedStepException: The step 'User login sebagai &quot;testuser&quot;' and 4 other step(s) are undefined.&#10;You can implement these steps using the snippet(s) below:&#10;&#10;@Given(&quot;User login sebagai {string}&quot;)&#10;public void user_login_sebagai(String string) {&#10;    // Write code here that turns the phrase above into concrete actions&#10;    throw new io.cucumber.java.PendingException();&#10;}&#10;@Given(&quot;User telah menambahkan produk ke cart&quot;)&#10;public void user_telah_menambahkan_produk_ke_cart() {&#10;    // Write code here that turns the phrase above into concrete actions&#10;    throw new io.cucumber.java.PendingException();&#10;}&#10;@When(&quot;User membuka halaman Cart&quot;)&#10;public void user_membuka_halaman_cart() {&#10;    // Write code here that turns the phrase above into concrete actions&#10;    throw new io.cucumber.java.PendingException();&#10;}&#10;@When(&quot;User menghapus semua produk&quot;)&#10;public void user_menghapus_semua_produk() {&#10;    // Write code here that turns the phrase above into concrete actions&#10;    throw new io.cucumber.java.PendingException();&#10;}&#10;@Then(&quot;Cart kosong&quot;)&#10;public void cart_kosong() {&#10;    // Write code here that turns the phrase above into concrete actions&#10;    throw new io.cucumber.java.PendingException();&#10;}&#10;" type="io.cucumber.junit.platform.engine.UndefinedStepException">io.cucumber.junit.platform.engine.UndefinedStepException: The step 'User login sebagai &quot;testuser&quot;' and 4 other step(s) are undefined.
You can implement these steps using the snippet(s) below:

@Given(&quot;User login sebagai {string}&quot;)
public void user_login_sebagai(String string) {
    // Write code here that turns the phrase above into concrete actions
    throw new io.cucumber.java.PendingException();
}
@Given(&quot;User telah menambahkan produk ke cart&quot;)
public void user_telah_menambahkan_produk_ke_cart() {
    // Write code here that turns the phrase above into concrete actions
    throw new io.cucumber.java.PendingException();
}
@When(&quot;User membuka halaman Cart&quot;)
public void user_membuka_halaman_cart() {
    // Write code here that turns the phrase above into concrete actions
    throw new io.cucumber.java.PendingException();
}
@When(&quot;User menghapus semua produk&quot;)
public void user_menghapus_semua_produk() {
    // Write code here that turns the phrase above into concrete actions
    throw new io.cucumber.java.PendingException();
}
@Then(&quot;Cart kosong&quot;)
public void cart_kosong() {
    // Write code here that turns the phrase above into concrete actions
    throw new io.cucumber.java.PendingException();
}

	at ✽.User login sebagai &quot;testuser&quot;(classpath:features/web/cart.feature:5)
</failure>
  </testcase>
  <testcase name="Checkout berhasil" classname="com.saedodev.runner.WebTestRunner" time="0.005">
    <failure message="io.cucumber.junit.platform.engine.UndefinedStepException: The step 'User login sebagai &quot;testuser&quot;' and 4 other step(s) are undefined.&#10;You can implement these steps using the snippet(s) below:&#10;&#10;@Given(&quot;User login sebagai {string}&quot;)&#10;public void user_login_sebagai(String string) {&#10;    // Write code here that turns the phrase above into concrete actions&#10;    throw new io.cucumber.java.PendingException();&#10;}&#10;@Given(&quot;User telah menambahkan produk ke cart&quot;)&#10;public void user_telah_menambahkan_produk_ke_cart() {&#10;    // Write code here that turns the phrase above into concrete actions&#10;    throw new io.cucumber.java.PendingException();&#10;}&#10;@Given(&quot;User membuka halaman Cart&quot;)&#10;public void user_membuka_halaman_cart() {&#10;    // Write code here that turns the phrase above into concrete actions&#10;    throw new io.cucumber.java.PendingException();&#10;}&#10;@When(&quot;User melakukan checkout dengan data valid&quot;)&#10;public void user_melakukan_checkout_dengan_data_valid() {&#10;    // Write code here that turns the phrase above into concrete actions&#10;    throw new io.cucumber.java.PendingException();&#10;}&#10;@Then(&quot;Pesanan berhasil dibuat&quot;)&#10;public void pesanan_berhasil_dibuat() {&#10;    // Write code here that turns the phrase above into concrete actions&#10;    throw new io.cucumber.java.PendingException();&#10;}&#10;" type="io.cucumber.junit.platform.engine.UndefinedStepException">io.cucumber.junit.platform.engine.UndefinedStepException: The step 'User login sebagai &quot;testuser&quot;' and 4 other step(s) are undefined.
You can implement these steps using the snippet(s) below:

@Given(&quot;User login sebagai {string}&quot;)
public void user_login_sebagai(String string) {
    // Write code here that turns the phrase above into concrete actions
    throw new io.cucumber.java.PendingException();
}
@Given(&quot;User telah menambahkan produk ke cart&quot;)
public void user_telah_menambahkan_produk_ke_cart() {
    // Write code here that turns the phrase above into concrete actions
    throw new io.cucumber.java.PendingException();
}
@Given(&quot;User membuka halaman Cart&quot;)
public void user_membuka_halaman_cart() {
    // Write code here that turns the phrase above into concrete actions
    throw new io.cucumber.java.PendingException();
}
@When(&quot;User melakukan checkout dengan data valid&quot;)
public void user_melakukan_checkout_dengan_data_valid() {
    // Write code here that turns the phrase above into concrete actions
    throw new io.cucumber.java.PendingException();
}
@Then(&quot;Pesanan berhasil dibuat&quot;)
public void pesanan_berhasil_dibuat() {
    // Write code here that turns the phrase above into concrete actions
    throw new io.cucumber.java.PendingException();
}

	at ✽.User login sebagai &quot;testuser&quot;(classpath:features/web/checkout.feature:5)
</failure>
  </testcase>
  <testcase name="Checkout tanpa mengisi nama" classname="com.saedodev.runner.WebTestRunner" time="0.006">
    <failure message="io.cucumber.junit.platform.engine.UndefinedStepException: The step 'User login sebagai &quot;testuser&quot;' and 4 other step(s) are undefined.&#10;You can implement these steps using the snippet(s) below:&#10;&#10;@Given(&quot;User login sebagai {string}&quot;)&#10;public void user_login_sebagai(String string) {&#10;    // Write code here that turns the phrase above into concrete actions&#10;    throw new io.cucumber.java.PendingException();&#10;}&#10;@Given(&quot;User telah menambahkan produk ke cart&quot;)&#10;public void user_telah_menambahkan_produk_ke_cart() {&#10;    // Write code here that turns the phrase above into concrete actions&#10;    throw new io.cucumber.java.PendingException();&#10;}&#10;@Given(&quot;User membuka halaman Cart&quot;)&#10;public void user_membuka_halaman_cart() {&#10;    // Write code here that turns the phrase above into concrete actions&#10;    throw new io.cucumber.java.PendingException();&#10;}&#10;@When(&quot;User melakukan checkout tanpa mengisi nama&quot;)&#10;public void user_melakukan_checkout_tanpa_mengisi_nama() {&#10;    // Write code here that turns the phrase above into concrete actions&#10;    throw new io.cucumber.java.PendingException();&#10;}&#10;@Then(&quot;Muncul pesan error&quot;)&#10;public void muncul_pesan_error() {&#10;    // Write code here that turns the phrase above into concrete actions&#10;    throw new io.cucumber.java.PendingException();&#10;}&#10;" type="io.cucumber.junit.platform.engine.UndefinedStepException">io.cucumber.junit.platform.engine.UndefinedStepException: The step 'User login sebagai &quot;testuser&quot;' and 4 other step(s) are undefined.
You can implement these steps using the snippet(s) below:

@Given(&quot;User login sebagai {string}&quot;)
public void user_login_sebagai(String string) {
    // Write code here that turns the phrase above into concrete actions
    throw new io.cucumber.java.PendingException();
}
@Given(&quot;User telah menambahkan produk ke cart&quot;)
public void user_telah_menambahkan_produk_ke_cart() {
    // Write code here that turns the phrase above into concrete actions
    throw new io.cucumber.java.PendingException();
}
@Given(&quot;User membuka halaman Cart&quot;)
public void user_membuka_halaman_cart() {
    // Write code here that turns the phrase above into concrete actions
    throw new io.cucumber.java.PendingException();
}
@When(&quot;User melakukan checkout tanpa mengisi nama&quot;)
public void user_melakukan_checkout_tanpa_mengisi_nama() {
    // Write code here that turns the phrase above into concrete actions
    throw new io.cucumber.java.PendingException();
}
@Then(&quot;Muncul pesan error&quot;)
public void muncul_pesan_error() {
    // Write code here that turns the phrase above into concrete actions
    throw new io.cucumber.java.PendingException();
}

	at ✽.User login sebagai &quot;testuser&quot;(classpath:features/web/checkout.feature:5)
</failure>
  </testcase>
  <testcase name="Checkout tanpa mengisi negara" classname="com.saedodev.runner.WebTestRunner" time="0.01">
    <failure message="io.cucumber.junit.platform.engine.UndefinedStepException: The step 'User login sebagai &quot;testuser&quot;' and 4 other step(s) are undefined.&#10;You can implement these steps using the snippet(s) below:&#10;&#10;@Given(&quot;User login sebagai {string}&quot;)&#10;public void user_login_sebagai(String string) {&#10;    // Write code here that turns the phrase above into concrete actions&#10;    throw new io.cucumber.java.PendingException();&#10;}&#10;@Given(&quot;User telah menambahkan produk ke cart&quot;)&#10;public void user_telah_menambahkan_produk_ke_cart() {&#10;    // Write code here that turns the phrase above into concrete actions&#10;    throw new io.cucumber.java.PendingException();&#10;}&#10;@Given(&quot;User membuka halaman Cart&quot;)&#10;public void user_membuka_halaman_cart() {&#10;    // Write code here that turns the phrase above into concrete actions&#10;    throw new io.cucumber.java.PendingException();&#10;}&#10;@When(&quot;User melakukan checkout tanpa mengisi negara&quot;)&#10;public void user_melakukan_checkout_tanpa_mengisi_negara() {&#10;    // Write code here that turns the phrase above into concrete actions&#10;    throw new io.cucumber.java.PendingException();&#10;}&#10;@Then(&quot;Muncul pesan error&quot;)&#10;public void muncul_pesan_error() {&#10;    // Write code here that turns the phrase above into concrete actions&#10;    throw new io.cucumber.java.PendingException();&#10;}&#10;" type="io.cucumber.junit.platform.engine.UndefinedStepException">io.cucumber.junit.platform.engine.UndefinedStepException: The step 'User login sebagai &quot;testuser&quot;' and 4 other step(s) are undefined.
You can implement these steps using the snippet(s) below:

@Given(&quot;User login sebagai {string}&quot;)
public void user_login_sebagai(String string) {
    // Write code here that turns the phrase above into concrete actions
    throw new io.cucumber.java.PendingException();
}
@Given(&quot;User telah menambahkan produk ke cart&quot;)
public void user_telah_menambahkan_produk_ke_cart() {
    // Write code here that turns the phrase above into concrete actions
    throw new io.cucumber.java.PendingException();
}
@Given(&quot;User membuka halaman Cart&quot;)
public void user_membuka_halaman_cart() {
    // Write code here that turns the phrase above into concrete actions
    throw new io.cucumber.java.PendingException();
}
@When(&quot;User melakukan checkout tanpa mengisi negara&quot;)
public void user_melakukan_checkout_tanpa_mengisi_negara() {
    // Write code here that turns the phrase above into concrete actions
    throw new io.cucumber.java.PendingException();
}
@Then(&quot;Muncul pesan error&quot;)
public void muncul_pesan_error() {
    // Write code here that turns the phrase above into concrete actions
    throw new io.cucumber.java.PendingException();
}

	at ✽.User login sebagai &quot;testuser&quot;(classpath:features/web/checkout.feature:5)
</failure>
  </testcase>
  <testcase name="Checkout tanpa mengisi kartu kredit" classname="com.saedodev.runner.WebTestRunner" time="0.006">
    <failure message="io.cucumber.junit.platform.engine.UndefinedStepException: The step 'User login sebagai &quot;testuser&quot;' and 4 other step(s) are undefined.&#10;You can implement these steps using the snippet(s) below:&#10;&#10;@Given(&quot;User login sebagai {string}&quot;)&#10;public void user_login_sebagai(String string) {&#10;    // Write code here that turns the phrase above into concrete actions&#10;    throw new io.cucumber.java.PendingException();&#10;}&#10;@Given(&quot;User telah menambahkan produk ke cart&quot;)&#10;public void user_telah_menambahkan_produk_ke_cart() {&#10;    // Write code here that turns the phrase above into concrete actions&#10;    throw new io.cucumber.java.PendingException();&#10;}&#10;@Given(&quot;User membuka halaman Cart&quot;)&#10;public void user_membuka_halaman_cart() {&#10;    // Write code here that turns the phrase above into concrete actions&#10;    throw new io.cucumber.java.PendingException();&#10;}&#10;@When(&quot;User melakukan checkout tanpa mengisi kartu kredit&quot;)&#10;public void user_melakukan_checkout_tanpa_mengisi_kartu_kredit() {&#10;    // Write code here that turns the phrase above into concrete actions&#10;    throw new io.cucumber.java.PendingException();&#10;}&#10;@Then(&quot;Muncul pesan error&quot;)&#10;public void muncul_pesan_error() {&#10;    // Write code here that turns the phrase above into concrete actions&#10;    throw new io.cucumber.java.PendingException();&#10;}&#10;" type="io.cucumber.junit.platform.engine.UndefinedStepException">io.cucumber.junit.platform.engine.UndefinedStepException: The step 'User login sebagai &quot;testuser&quot;' and 4 other step(s) are undefined.
You can implement these steps using the snippet(s) below:

@Given(&quot;User login sebagai {string}&quot;)
public void user_login_sebagai(String string) {
    // Write code here that turns the phrase above into concrete actions
    throw new io.cucumber.java.PendingException();
}
@Given(&quot;User telah menambahkan produk ke cart&quot;)
public void user_telah_menambahkan_produk_ke_cart() {
    // Write code here that turns the phrase above into concrete actions
    throw new io.cucumber.java.PendingException();
}
@Given(&quot;User membuka halaman Cart&quot;)
public void user_membuka_halaman_cart() {
    // Write code here that turns the phrase above into concrete actions
    throw new io.cucumber.java.PendingException();
}
@When(&quot;User melakukan checkout tanpa mengisi kartu kredit&quot;)
public void user_melakukan_checkout_tanpa_mengisi_kartu_kredit() {
    // Write code here that turns the phrase above into concrete actions
    throw new io.cucumber.java.PendingException();
}
@Then(&quot;Muncul pesan error&quot;)
public void muncul_pesan_error() {
    // Write code here that turns the phrase above into concrete actions
    throw new io.cucumber.java.PendingException();
}

	at ✽.User login sebagai &quot;testuser&quot;(classpath:features/web/checkout.feature:5)
</failure>
  </testcase>
  <testcase name="Login dengan akun valid" classname="com.saedodev.runner.WebTestRunner" time="0.005">
    <failure message="io.cucumber.junit.platform.engine.UndefinedStepException: The step 'User membuka website DemoBlaze' and 2 other step(s) are undefined.&#10;You can implement these steps using the snippet(s) below:&#10;&#10;@Given(&quot;User membuka website DemoBlaze&quot;)&#10;public void user_membuka_website_demo_blaze() {&#10;    // Write code here that turns the phrase above into concrete actions&#10;    throw new io.cucumber.java.PendingException();&#10;}&#10;@When(&quot;User login menggunakan username {string} dan password {string}&quot;)&#10;public void user_login_menggunakan_username_dan_password(String string, String string2) {&#10;    // Write code here that turns the phrase above into concrete actions&#10;    throw new io.cucumber.java.PendingException();&#10;}&#10;@Then(&quot;User berhasil login&quot;)&#10;public void user_berhasil_login() {&#10;    // Write code here that turns the phrase above into concrete actions&#10;    throw new io.cucumber.java.PendingException();&#10;}&#10;" type="io.cucumber.junit.platform.engine.UndefinedStepException">io.cucumber.junit.platform.engine.UndefinedStepException: The step 'User membuka website DemoBlaze' and 2 other step(s) are undefined.
You can implement these steps using the snippet(s) below:

@Given(&quot;User membuka website DemoBlaze&quot;)
public void user_membuka_website_demo_blaze() {
    // Write code here that turns the phrase above into concrete actions
    throw new io.cucumber.java.PendingException();
}
@When(&quot;User login menggunakan username {string} dan password {string}&quot;)
public void user_login_menggunakan_username_dan_password(String string, String string2) {
    // Write code here that turns the phrase above into concrete actions
    throw new io.cucumber.java.PendingException();
}
@Then(&quot;User berhasil login&quot;)
public void user_berhasil_login() {
    // Write code here that turns the phrase above into concrete actions
    throw new io.cucumber.java.PendingException();
}

	at ✽.User membuka website DemoBlaze(classpath:features/web/login.feature:5)
</failure>
  </testcase>
  <testcase name="Login dengan username kosong" classname="com.saedodev.runner.WebTestRunner" time="0.005">
    <failure message="io.cucumber.junit.platform.engine.UndefinedStepException: The step 'User membuka website DemoBlaze' and 2 other step(s) are undefined.&#10;You can implement these steps using the snippet(s) below:&#10;&#10;@Given(&quot;User membuka website DemoBlaze&quot;)&#10;public void user_membuka_website_demo_blaze() {&#10;    // Write code here that turns the phrase above into concrete actions&#10;    throw new io.cucumber.java.PendingException();&#10;}&#10;@When(&quot;User login menggunakan username {string} dan password {string}&quot;)&#10;public void user_login_menggunakan_username_dan_password(String string, String string2) {&#10;    // Write code here that turns the phrase above into concrete actions&#10;    throw new io.cucumber.java.PendingException();&#10;}&#10;@Then(&quot;Muncul pesan error login&quot;)&#10;public void muncul_pesan_error_login() {&#10;    // Write code here that turns the phrase above into concrete actions&#10;    throw new io.cucumber.java.PendingException();&#10;}&#10;" type="io.cucumber.junit.platform.engine.UndefinedStepException">io.cucumber.junit.platform.engine.UndefinedStepException: The step 'User membuka website DemoBlaze' and 2 other step(s) are undefined.
You can implement these steps using the snippet(s) below:

@Given(&quot;User membuka website DemoBlaze&quot;)
public void user_membuka_website_demo_blaze() {
    // Write code here that turns the phrase above into concrete actions
    throw new io.cucumber.java.PendingException();
}
@When(&quot;User login menggunakan username {string} dan password {string}&quot;)
public void user_login_menggunakan_username_dan_password(String string, String string2) {
    // Write code here that turns the phrase above into concrete actions
    throw new io.cucumber.java.PendingException();
}
@Then(&quot;Muncul pesan error login&quot;)
public void muncul_pesan_error_login() {
    // Write code here that turns the phrase above into concrete actions
    throw new io.cucumber.java.PendingException();
}

	at ✽.User membuka website DemoBlaze(classpath:features/web/login.feature:5)
</failure>
  </testcase>
  <testcase name="Login dengan password kosong" classname="com.saedodev.runner.WebTestRunner" time="0.005">
    <failure message="io.cucumber.junit.platform.engine.UndefinedStepException: The step 'User membuka website DemoBlaze' and 2 other step(s) are undefined.&#10;You can implement these steps using the snippet(s) below:&#10;&#10;@Given(&quot;User membuka website DemoBlaze&quot;)&#10;public void user_membuka_website_demo_blaze() {&#10;    // Write code here that turns the phrase above into concrete actions&#10;    throw new io.cucumber.java.PendingException();&#10;}&#10;@When(&quot;User login menggunakan username {string} dan password {string}&quot;)&#10;public void user_login_menggunakan_username_dan_password(String string, String string2) {&#10;    // Write code here that turns the phrase above into concrete actions&#10;    throw new io.cucumber.java.PendingException();&#10;}&#10;@Then(&quot;Muncul pesan error login&quot;)&#10;public void muncul_pesan_error_login() {&#10;    // Write code here that turns the phrase above into concrete actions&#10;    throw new io.cucumber.java.PendingException();&#10;}&#10;" type="io.cucumber.junit.platform.engine.UndefinedStepException">io.cucumber.junit.platform.engine.UndefinedStepException: The step 'User membuka website DemoBlaze' and 2 other step(s) are undefined.
You can implement these steps using the snippet(s) below:

@Given(&quot;User membuka website DemoBlaze&quot;)
public void user_membuka_website_demo_blaze() {
    // Write code here that turns the phrase above into concrete actions
    throw new io.cucumber.java.PendingException();
}
@When(&quot;User login menggunakan username {string} dan password {string}&quot;)
public void user_login_menggunakan_username_dan_password(String string, String string2) {
    // Write code here that turns the phrase above into concrete actions
    throw new io.cucumber.java.PendingException();
}
@Then(&quot;Muncul pesan error login&quot;)
public void muncul_pesan_error_login() {
    // Write code here that turns the phrase above into concrete actions
    throw new io.cucumber.java.PendingException();
}

	at ✽.User membuka website DemoBlaze(classpath:features/web/login.feature:5)
</failure>
  </testcase>
  <testcase name="Login dengan akun tidak valid" classname="com.saedodev.runner.WebTestRunner" time="0.004">
    <failure message="io.cucumber.junit.platform.engine.UndefinedStepException: The step 'User membuka website DemoBlaze' and 2 other step(s) are undefined.&#10;You can implement these steps using the snippet(s) below:&#10;&#10;@Given(&quot;User membuka website DemoBlaze&quot;)&#10;public void user_membuka_website_demo_blaze() {&#10;    // Write code here that turns the phrase above into concrete actions&#10;    throw new io.cucumber.java.PendingException();&#10;}&#10;@When(&quot;User login menggunakan username {string} dan password {string}&quot;)&#10;public void user_login_menggunakan_username_dan_password(String string, String string2) {&#10;    // Write code here that turns the phrase above into concrete actions&#10;    throw new io.cucumber.java.PendingException();&#10;}&#10;@Then(&quot;Muncul pesan error login&quot;)&#10;public void muncul_pesan_error_login() {&#10;    // Write code here that turns the phrase above into concrete actions&#10;    throw new io.cucumber.java.PendingException();&#10;}&#10;" type="io.cucumber.junit.platform.engine.UndefinedStepException">io.cucumber.junit.platform.engine.UndefinedStepException: The step 'User membuka website DemoBlaze' and 2 other step(s) are undefined.
You can implement these steps using the snippet(s) below:

@Given(&quot;User membuka website DemoBlaze&quot;)
public void user_membuka_website_demo_blaze() {
    // Write code here that turns the phrase above into concrete actions
    throw new io.cucumber.java.PendingException();
}
@When(&quot;User login menggunakan username {string} dan password {string}&quot;)
public void user_login_menggunakan_username_dan_password(String string, String string2) {
    // Write code here that turns the phrase above into concrete actions
    throw new io.cucumber.java.PendingException();
}
@Then(&quot;Muncul pesan error login&quot;)
public void muncul_pesan_error_login() {
    // Write code here that turns the phrase above into concrete actions
    throw new io.cucumber.java.PendingException();
}

	at ✽.User membuka website DemoBlaze(classpath:features/web/login.feature:5)
</failure>
  </testcase>
  <testcase name="Melihat detail produk" classname="com.saedodev.runner.WebTestRunner" time="0.003">
    <failure message="io.cucumber.junit.platform.engine.UndefinedStepException: The step 'User login sebagai &quot;testuser&quot;' and 2 other step(s) are undefined.&#10;You can implement these steps using the snippet(s) below:&#10;&#10;@Given(&quot;User login sebagai {string}&quot;)&#10;public void user_login_sebagai(String string) {&#10;    // Write code here that turns the phrase above into concrete actions&#10;    throw new io.cucumber.java.PendingException();&#10;}&#10;@When(&quot;User memilih salah satu produk&quot;)&#10;public void user_memilih_salah_satu_produk() {&#10;    // Write code here that turns the phrase above into concrete actions&#10;    throw new io.cucumber.java.PendingException();&#10;}&#10;@Then(&quot;Detail produk berhasil ditampilkan&quot;)&#10;public void detail_produk_berhasil_ditampilkan() {&#10;    // Write code here that turns the phrase above into concrete actions&#10;    throw new io.cucumber.java.PendingException();&#10;}&#10;" type="io.cucumber.junit.platform.engine.UndefinedStepException">io.cucumber.junit.platform.engine.UndefinedStepException: The step 'User login sebagai &quot;testuser&quot;' and 2 other step(s) are undefined.
You can implement these steps using the snippet(s) below:

@Given(&quot;User login sebagai {string}&quot;)
public void user_login_sebagai(String string) {
    // Write code here that turns the phrase above into concrete actions
    throw new io.cucumber.java.PendingException();
}
@When(&quot;User memilih salah satu produk&quot;)
public void user_memilih_salah_satu_produk() {
    // Write code here that turns the phrase above into concrete actions
    throw new io.cucumber.java.PendingException();
}
@Then(&quot;Detail produk berhasil ditampilkan&quot;)
public void detail_produk_berhasil_ditampilkan() {
    // Write code here that turns the phrase above into concrete actions
    throw new io.cucumber.java.PendingException();
}

	at ✽.User login sebagai &quot;testuser&quot;(classpath:features/web/product.feature:5)
</failure>
  </testcase>
  <testcase name="Menambahkan satu produk ke cart" classname="com.saedodev.runner.WebTestRunner" time="0.005">
    <failure message="io.cucumber.junit.platform.engine.UndefinedStepException: The step 'User login sebagai &quot;testuser&quot;' and 3 other step(s) are undefined.&#10;You can implement these steps using the snippet(s) below:&#10;&#10;@Given(&quot;User login sebagai {string}&quot;)&#10;public void user_login_sebagai(String string) {&#10;    // Write code here that turns the phrase above into concrete actions&#10;    throw new io.cucumber.java.PendingException();&#10;}&#10;@When(&quot;User memilih salah satu produk&quot;)&#10;public void user_memilih_salah_satu_produk() {&#10;    // Write code here that turns the phrase above into concrete actions&#10;    throw new io.cucumber.java.PendingException();&#10;}&#10;@When(&quot;User menekan tombol Add to Cart&quot;)&#10;public void user_menekan_tombol_add_to_cart() {&#10;    // Write code here that turns the phrase above into concrete actions&#10;    throw new io.cucumber.java.PendingException();&#10;}&#10;@Then(&quot;Produk berhasil ditambahkan ke cart&quot;)&#10;public void produk_berhasil_ditambahkan_ke_cart() {&#10;    // Write code here that turns the phrase above into concrete actions&#10;    throw new io.cucumber.java.PendingException();&#10;}&#10;" type="io.cucumber.junit.platform.engine.UndefinedStepException">io.cucumber.junit.platform.engine.UndefinedStepException: The step 'User login sebagai &quot;testuser&quot;' and 3 other step(s) are undefined.
You can implement these steps using the snippet(s) below:

@Given(&quot;User login sebagai {string}&quot;)
public void user_login_sebagai(String string) {
    // Write code here that turns the phrase above into concrete actions
    throw new io.cucumber.java.PendingException();
}
@When(&quot;User memilih salah satu produk&quot;)
public void user_memilih_salah_satu_produk() {
    // Write code here that turns the phrase above into concrete actions
    throw new io.cucumber.java.PendingException();
}
@When(&quot;User menekan tombol Add to Cart&quot;)
public void user_menekan_tombol_add_to_cart() {
    // Write code here that turns the phrase above into concrete actions
    throw new io.cucumber.java.PendingException();
}
@Then(&quot;Produk berhasil ditambahkan ke cart&quot;)
public void produk_berhasil_ditambahkan_ke_cart() {
    // Write code here that turns the phrase above into concrete actions
    throw new io.cucumber.java.PendingException();
}

	at ✽.User login sebagai &quot;testuser&quot;(classpath:features/web/product.feature:5)
</failure>
  </testcase>
  <testcase name="Menambahkan beberapa produk ke cart" classname="com.saedodev.runner.WebTestRunner" time="0.004">
    <failure message="io.cucumber.junit.platform.engine.UndefinedStepException: The step 'User login sebagai &quot;testuser&quot;' and 2 other step(s) are undefined.&#10;You can implement these steps using the snippet(s) below:&#10;&#10;@Given(&quot;User login sebagai {string}&quot;)&#10;public void user_login_sebagai(String string) {&#10;    // Write code here that turns the phrase above into concrete actions&#10;    throw new io.cucumber.java.PendingException();&#10;}&#10;@When(&quot;User menambahkan beberapa produk&quot;)&#10;public void user_menambahkan_beberapa_produk() {&#10;    // Write code here that turns the phrase above into concrete actions&#10;    throw new io.cucumber.java.PendingException();&#10;}&#10;@Then(&quot;Semua produk berhasil masuk ke cart&quot;)&#10;public void semua_produk_berhasil_masuk_ke_cart() {&#10;    // Write code here that turns the phrase above into concrete actions&#10;    throw new io.cucumber.java.PendingException();&#10;}&#10;" type="io.cucumber.junit.platform.engine.UndefinedStepException">io.cucumber.junit.platform.engine.UndefinedStepException: The step 'User login sebagai &quot;testuser&quot;' and 2 other step(s) are undefined.
You can implement these steps using the snippet(s) below:

@Given(&quot;User login sebagai {string}&quot;)
public void user_login_sebagai(String string) {
    // Write code here that turns the phrase above into concrete actions
    throw new io.cucumber.java.PendingException();
}
@When(&quot;User menambahkan beberapa produk&quot;)
public void user_menambahkan_beberapa_produk() {
    // Write code here that turns the phrase above into concrete actions
    throw new io.cucumber.java.PendingException();
}
@Then(&quot;Semua produk berhasil masuk ke cart&quot;)
public void semua_produk_berhasil_masuk_ke_cart() {
    // Write code here that turns the phrase above into concrete actions
    throw new io.cucumber.java.PendingException();
}

	at ✽.User login sebagai &quot;testuser&quot;(classpath:features/web/product.feature:5)
</failure>
  </testcase>
  <system-out><![CDATA[
@web @cart
?[1mScenario:?[22m Melihat produk pada cart            ?[90m# classpath:features/web/cart.feature:8?[39m
  ?[33m■?[39m ?[33m?[1mGiven ?[22mUser login sebagai "testuser"?[39m
  ?[36m↷?[39m ?[36m?[1mAnd ?[22mUser telah menambahkan produk ke cart?[39m
  ?[36m↷?[39m ?[36m?[1mWhen ?[22mUser membuka halaman Cart?[39m
  ?[36m↷?[39m ?[36m?[1mThen ?[22mProduk tampil pada Cart?[39m

@web @cart
?[1mScenario:?[22m Menghapus produk dari cart          ?[90m# classpath:features/web/cart.feature:12?[39m
  ?[33m■?[39m ?[33m?[1mGiven ?[22mUser login sebagai "testuser"?[39m
  ?[36m↷?[39m ?[36m?[1mAnd ?[22mUser telah menambahkan produk ke cart?[39m
  ?[36m↷?[39m ?[36m?[1mWhen ?[22mUser membuka halaman Cart?[39m
  ?[36m↷?[39m ?[36m?[1mAnd ?[22mUser menghapus produk?[39m
  ?[36m↷?[39m ?[36m?[1mThen ?[22mProduk berhasil dihapus?[39m

@web @cart
?[1mScenario:?[22m Menghapus seluruh produk            ?[90m# classpath:features/web/cart.feature:17?[39m
  ?[33m■?[39m ?[33m?[1mGiven ?[22mUser login sebagai "testuser"?[39m
  ?[36m↷?[39m ?[36m?[1mAnd ?[22mUser telah menambahkan produk ke cart?[39m
  ?[36m↷?[39m ?[36m?[1mWhen ?[22mUser membuka halaman Cart?[39m
  ?[36m↷?[39m ?[36m?[1mAnd ?[22mUser menghapus semua produk?[39m
  ?[36m↷?[39m ?[36m?[1mThen ?[22mCart kosong?[39m

@web @checkout
?[1mScenario:?[22m Checkout berhasil                        ?[90m# classpath:features/web/checkout.feature:9?[39m
  ?[33m■?[39m ?[33m?[1mGiven ?[22mUser login sebagai "testuser"?[39m
  ?[36m↷?[39m ?[36m?[1mAnd ?[22mUser telah menambahkan produk ke cart?[39m
  ?[36m↷?[39m ?[36m?[1mAnd ?[22mUser membuka halaman Cart?[39m
  ?[36m↷?[39m ?[36m?[1mWhen ?[22mUser melakukan checkout dengan data valid?[39m
  ?[36m↷?[39m ?[36m?[1mThen ?[22mPesanan berhasil dibuat?[39m

@web @checkout
?[1mScenario:?[22m Checkout tanpa mengisi nama               ?[90m# classpath:features/web/checkout.feature:13?[39m
  ?[33m■?[39m ?[33m?[1mGiven ?[22mUser login sebagai "testuser"?[39m
  ?[36m↷?[39m ?[36m?[1mAnd ?[22mUser telah menambahkan produk ke cart?[39m
  ?[36m↷?[39m ?[36m?[1mAnd ?[22mUser membuka halaman Cart?[39m
  ?[36m↷?[39m ?[36m?[1mWhen ?[22mUser melakukan checkout tanpa mengisi nama?[39m
  ?[36m↷?[39m ?[36m?[1mThen ?[22mMuncul pesan error?[39m

@web @checkout
?[1mScenario:?[22m Checkout tanpa mengisi negara               ?[90m# classpath:features/web/checkout.feature:17?[39m
  ?[33m■?[39m ?[33m?[1mGiven ?[22mUser login sebagai "testuser"?[39m
  ?[36m↷?[39m ?[36m?[1mAnd ?[22mUser telah menambahkan produk ke cart?[39m
  ?[36m↷?[39m ?[36m?[1mAnd ?[22mUser membuka halaman Cart?[39m
  ?[36m↷?[39m ?[36m?[1mWhen ?[22mUser melakukan checkout tanpa mengisi negara?[39m
  ?[36m↷?[39m ?[36m?[1mThen ?[22mMuncul pesan error?[39m

@web @checkout
?[1mScenario:?[22m Checkout tanpa mengisi kartu kredit               ?[90m# classpath:features/web/checkout.feature:21?[39m
  ?[33m■?[39m ?[33m?[1mGiven ?[22mUser login sebagai "testuser"?[39m
  ?[36m↷?[39m ?[36m?[1mAnd ?[22mUser telah menambahkan produk ke cart?[39m
  ?[36m↷?[39m ?[36m?[1mAnd ?[22mUser membuka halaman Cart?[39m
  ?[36m↷?[39m ?[36m?[1mWhen ?[22mUser melakukan checkout tanpa mengisi kartu kredit?[39m
  ?[36m↷?[39m ?[36m?[1mThen ?[22mMuncul pesan error?[39m

@web @login
?[1mScenario:?[22m Login dengan akun valid                                              ?[90m# classpath:features/web/login.feature:7?[39m
  ?[33m■?[39m ?[33m?[1mGiven ?[22mUser membuka website DemoBlaze?[39m
  ?[36m↷?[39m ?[36m?[1mWhen ?[22mUser login menggunakan username "testuser" dan password "password123"?[39m
  ?[36m↷?[39m ?[36m?[1mThen ?[22mUser berhasil login?[39m

@web @login
?[1mScenario:?[22m Login dengan username kosong                                 ?[90m# classpath:features/web/login.feature:11?[39m
  ?[33m■?[39m ?[33m?[1mGiven ?[22mUser membuka website DemoBlaze?[39m
  ?[36m↷?[39m ?[36m?[1mWhen ?[22mUser login menggunakan username "" dan password "password123"?[39m
  ?[36m↷?[39m ?[36m?[1mThen ?[22mMuncul pesan error login?[39m

@web @login
?[1mScenario:?[22m Login dengan password kosong                              ?[90m# classpath:features/web/login.feature:15?[39m
  ?[33m■?[39m ?[33m?[1mGiven ?[22mUser membuka website DemoBlaze?[39m
  ?[36m↷?[39m ?[36m?[1mWhen ?[22mUser login menggunakan username "testuser" dan password ""?[39m
  ?[36m↷?[39m ?[36m?[1mThen ?[22mMuncul pesan error login?[39m

@web @login
?[1mScenario:?[22m Login dengan akun tidak valid                                   ?[90m# classpath:features/web/login.feature:19?[39m
  ?[33m■?[39m ?[33m?[1mGiven ?[22mUser membuka website DemoBlaze?[39m
  ?[36m↷?[39m ?[36m?[1mWhen ?[22mUser login menggunakan username "invalid" dan password "invalid"?[39m
  ?[36m↷?[39m ?[36m?[1mThen ?[22mMuncul pesan error login?[39m

@web @product
?[1mScenario:?[22m Melihat detail produk             ?[90m# classpath:features/web/product.feature:7?[39m
  ?[33m■?[39m ?[33m?[1mGiven ?[22mUser login sebagai "testuser"?[39m
  ?[36m↷?[39m ?[36m?[1mWhen ?[22mUser memilih salah satu produk?[39m
  ?[36m↷?[39m ?[36m?[1mThen ?[22mDetail produk berhasil ditampilkan?[39m

@web @product
?[1mScenario:?[22m Menambahkan satu produk ke cart    ?[90m# classpath:features/web/product.feature:11?[39m
  ?[33m■?[39m ?[33m?[1mGiven ?[22mUser login sebagai "testuser"?[39m
  ?[36m↷?[39m ?[36m?[1mWhen ?[22mUser memilih salah satu produk?[39m
  ?[36m↷?[39m ?[36m?[1mAnd ?[22mUser menekan tombol Add to Cart?[39m
  ?[36m↷?[39m ?[36m?[1mThen ?[22mProduk berhasil ditambahkan ke cart?[39m

@web @product
?[1mScenario:?[22m Menambahkan beberapa produk ke cart ?[90m# classpath:features/web/product.feature:16?[39m
  ?[33m■?[39m ?[33m?[1mGiven ?[22mUser login sebagai "testuser"?[39m
  ?[36m↷?[39m ?[36m?[1mWhen ?[22mUser menambahkan beberapa produk?[39m
  ?[36m↷?[39m ?[36m?[1mThen ?[22mSemua produk berhasil masuk ke cart?[39m
]]></system-out>
  <system-err><![CDATA[Jul 23, 2026 9:11:21 PM org.junit.platform.launcher.core.DiscoveryIssueNotifier logIssues
WARNING: TestEngine with ID 'cucumber' encountered a non-critical issue during test discovery:

(1) [WARNING] The classpath resource selector 'features/web' should not be used to select features in a package. Use the package selector with 'features.web' instead
]]></system-err>
</testsuite>
